{"name": "test_login", "status": "failed", "statusDetails": {"message": "AssertionError: Login Test Failed\nassert None is not None", "trace": "self = <src.tests.testcases.test_login_sauce_demo.LoginTestCase testMethod=test_login>\n\n    @allure.story(\"Login Sauce\")\n    def test_login(self):\n        self.sauce_login_po = LoginSaucePage()\n        main_page = self.sauce_login_po.login(self.__datapool.user, self.__datapool.password)\n>       assert main_page is not None, \"Login Test Failed\"\nE       AssertionError: Login Test Failed\nE       assert None is not None\n\nsrc\\tests\\testcases\\test_login_sauce_demo.py:24: AssertionError"}, "steps": [{"name": "Login", "status": "passed", "attachments": [{"source": "30bf7523-07ba-4ee7-bc27-0dfacb5f5165-attachment.png", "type": "image/png"}], "parameters": [{"name": "user", "value": "'standard_user'"}, {"name": "password", "value": "'secret_sauce1'"}], "start": 1625246302731, "stop": 1625246313629}], "start": 1625246299425, "stop": 1625246315829, "uuid": "468127f1-565e-41f1-b85d-51086cdd686d", "historyId": "a60951020cdb81d920b8920438be4da7", "testCaseId": "96991dba064fa5d833fcdeec722a71cb", "fullName": "src.tests.testcases.test_login_sauce_demo.LoginTestCase#test_login", "labels": [{"name": "feature", "value": "Shoping"}, {"name": "story", "value": "Login Sauce"}, {"name": "parentSuite", "value": "src.tests.testcases"}, {"name": "suite", "value": "test_login_sauce_demo"}, {"name": "subSuite", "value": "LoginTestCase"}, {"name": "host", "value": "LAPTOP-L7VC2GL6"}, {"name": "thread", "value": "17356-MainThread"}, {"name": "framework", "value": "pytest"}, {"name": "language", "value": "cpython3"}, {"name": "package", "value": "src.tests.testcases.test_login_sauce_demo"}]}