{"name": "test_login", "status": "failed", "statusDetails": {"message": "AssertionError: Login Test Failed\nassert None is not None", "trace": "self = <tests.testcases.test_login_sauce_demo.LoginTestCase testMethod=test_login>\n\n    @allure.story(\"Login Sauce\")\n    def test_login(self):\n        self.sauce_login_po = LoginSaucePage()\n        main_page = self.sauce_login_po.login(self.__datapool.user, self.__datapool.password)\n>       assert main_page is not None, \"Login Test Failed\"\nE       AssertionError: Login Test Failed\nE       assert None is not None\n\nsrc\\tests\\testcases\\test_login_sauce_demo.py:23: AssertionError"}, "steps": [{"name": "Login", "status": "passed", "attachments": [{"source": "d694eab1-1746-4daf-b942-f09b4d9e64ef-attachment.png", "type": "image/png"}], "parameters": [{"name": "user", "value": "'standard_user'"}, {"name": "password", "value": "'secret_sauce1'"}], "start": 1625248391344, "stop": 1625248402663}], "start": 1625248388267, "stop": 1625248404921, "uuid": "2aaf8bb0-1d18-4d37-bc74-f662ddd1b45f", "historyId": "a60951020cdb81d920b8920438be4da7", "testCaseId": "96991dba064fa5d833fcdeec722a71cb", "fullName": "src.tests.testcases.test_login_sauce_demo.LoginTestCase#test_login", "labels": [{"name": "story", "value": "Login Sauce"}, {"name": "parentSuite", "value": "src.tests.testcases"}, {"name": "suite", "value": "test_login_sauce_demo"}, {"name": "subSuite", "value": "LoginTestCase"}, {"name": "host", "value": "LAPTOP-L7VC2GL6"}, {"name": "thread", "value": "31204-MainThread"}, {"name": "framework", "value": "pytest"}, {"name": "language", "value": "cpython3"}, {"name": "package", "value": "src.tests.testcases.test_login_sauce_demo"}]}